<?xml version="1.0" encoding="UTF-8"?>
<!-- Generated by org.testng.reporters.JUnitXMLReporter -->
<testsuite hostname="VijayaSachinLaptop" ignored="0" name="Test" tests="13" failures="0" timestamp="2020-06-06T22:46:41 IST" time="33.797" errors="0">
  <testcase name="div" time="0.044" classname="com.qa.testcases.DemoTest"/>
  <testcase name="multi" time="0.004" classname="com.qa.testcases.DemoTest"/>
  <testcase name="sub" time="0.002" classname="com.qa.testcases.DemoTest"/>
  <testcase name="sum" time="0.0" classname="com.qa.testcases.DemoTest"/>
  <testcase name="div" time="0.004" classname="com.qa.testcases.DemoTest1"/>
  <testcase name="multi" time="0.0" classname="com.qa.testcases.DemoTest1"/>
  <testcase name="sub" time="0.004" classname="com.qa.testcases.DemoTest1"/>
  <testcase name="sum" time="0.004" classname="com.qa.testcases.DemoTest1"/>
  <testcase name="div" time="0.002" classname="com.qa.testcases.DemoTest2"/>
  <testcase name="multi" time="0.0" classname="com.qa.testcases.DemoTest2"/>
  <testcase name="sub" time="0.0" classname="com.qa.testcases.DemoTest2"/>
  <testcase name="sum" time="0.0" classname="com.qa.testcases.DemoTest2"/>
  <testcase name="launchGoogle" time="33.236" classname="com.qa.testcases.LaunchGoogle"/>
</testsuite> <!-- Test -->
