<?xml version="1.0" encoding="UTF-8"?>
<!-- Generated by org.testng.reporters.JUnitXMLReporter -->
<testsuite hostname="VijayaSachinLaptop" ignored="0" name="RetryFailedTestCase" tests="3" failures="1" timestamp="2020-06-15T12:27:25 IST" time="47.11" errors="0">
  <testcase name="getYahooTitle" time="0.08" classname="com.qa.testcases.RetryLogic">
    <skipped/>
  </testcase> <!-- getYahooTitle -->
  <testcase name="getYahooTitle" time="0.061" classname="com.qa.testcases.RetryLogic">
    <failure type="java.lang.AssertionError" message="expected [Yahoo-login] but found [Yahoo - login]">
      <![CDATA[java.lang.AssertionError: expected [Yahoo-login] but found [Yahoo - login]
at com.qa.testcases.RetryLogic.getYahooTitle(RetryLogic.java:22)
at java.util.ArrayList.forEach(ArrayList.java:1257)
... Removed 32 stack frames]]>
    </failure>
  </testcase> <!-- getYahooTitle -->
  <testcase name="loginToYahoo" time="1.081" classname="com.qa.testcases.RetryLogic"/>
</testsuite> <!-- RetryFailedTestCase -->
