<?xml version="1.0" encoding="UTF-8"?>
<testng-results skipped="0" failed="0" ignored="0" total="12" passed="12">
  <reporter-output>
  </reporter-output>
  <suite name="Test Maven Suite" duration-ms="1466" started-at="2020-06-02T20:41:29 IST" finished-at="2020-06-02T20:41:31 IST">
    <groups>
    </groups>
    <test name="Test" duration-ms="1466" started-at="2020-06-02T20:41:29 IST" finished-at="2020-06-02T20:41:31 IST">
      <class name="com.qa.testcases.DemoTest">
        <test-method status="PASS" signature="div()[pri:0, instance:com.qa.testcases.DemoTest@1e397ed7]" name="div" duration-ms="130" started-at="2020-06-02T20:41:30 IST" finished-at="2020-06-02T20:41:30 IST">
          <reporter-output>
          </reporter-output>
        </test-method> <!-- div -->
        <test-method status="PASS" signature="multi()[pri:0, instance:com.qa.testcases.DemoTest@1e397ed7]" name="multi" duration-ms="64" started-at="2020-06-02T20:41:31 IST" finished-at="2020-06-02T20:41:31 IST">
          <reporter-output>
          </reporter-output>
        </test-method> <!-- multi -->
        <test-method status="PASS" signature="sub()[pri:0, instance:com.qa.testcases.DemoTest@1e397ed7]" name="sub" duration-ms="4" started-at="2020-06-02T20:41:31 IST" finished-at="2020-06-02T20:41:31 IST">
          <reporter-output>
          </reporter-output>
        </test-method> <!-- sub -->
        <test-method status="PASS" signature="sum()[pri:0, instance:com.qa.testcases.DemoTest@1e397ed7]" name="sum" duration-ms="4" started-at="2020-06-02T20:41:31 IST" finished-at="2020-06-02T20:41:31 IST">
          <reporter-output>
          </reporter-output>
        </test-method> <!-- sum -->
      </class> <!-- com.qa.testcases.DemoTest -->
      <class name="com.qa.testcases.DemoTest2">
        <test-method status="PASS" signature="div()[pri:0, instance:com.qa.testcases.DemoTest2@56ac3a89]" name="div" duration-ms="0" started-at="2020-06-02T20:41:31 IST" finished-at="2020-06-02T20:41:31 IST">
          <reporter-output>
          </reporter-output>
        </test-method> <!-- div -->
        <test-method status="PASS" signature="multi()[pri:0, instance:com.qa.testcases.DemoTest2@56ac3a89]" name="multi" duration-ms="0" started-at="2020-06-02T20:41:31 IST" finished-at="2020-06-02T20:41:31 IST">
          <reporter-output>
          </reporter-output>
        </test-method> <!-- multi -->
        <test-method status="PASS" signature="sub()[pri:0, instance:com.qa.testcases.DemoTest2@56ac3a89]" name="sub" duration-ms="0" started-at="2020-06-02T20:41:31 IST" finished-at="2020-06-02T20:41:31 IST">
          <reporter-output>
          </reporter-output>
        </test-method> <!-- sub -->
        <test-method status="PASS" signature="sum()[pri:0, instance:com.qa.testcases.DemoTest2@56ac3a89]" name="sum" duration-ms="0" started-at="2020-06-02T20:41:31 IST" finished-at="2020-06-02T20:41:31 IST">
          <reporter-output>
          </reporter-output>
        </test-method> <!-- sum -->
      </class> <!-- com.qa.testcases.DemoTest2 -->
      <class name="com.qa.testcases.DemoTest1">
        <test-method status="PASS" signature="div()[pri:0, instance:com.qa.testcases.DemoTest1@490ab905]" name="div" duration-ms="4" started-at="2020-06-02T20:41:31 IST" finished-at="2020-06-02T20:41:31 IST">
          <reporter-output>
          </reporter-output>
        </test-method> <!-- div -->
        <test-method status="PASS" signature="multi()[pri:0, instance:com.qa.testcases.DemoTest1@490ab905]" name="multi" duration-ms="2" started-at="2020-06-02T20:41:31 IST" finished-at="2020-06-02T20:41:31 IST">
          <reporter-output>
          </reporter-output>
        </test-method> <!-- multi -->
        <test-method status="PASS" signature="sub()[pri:0, instance:com.qa.testcases.DemoTest1@490ab905]" name="sub" duration-ms="0" started-at="2020-06-02T20:41:31 IST" finished-at="2020-06-02T20:41:31 IST">
          <reporter-output>
          </reporter-output>
        </test-method> <!-- sub -->
        <test-method status="PASS" signature="sum()[pri:0, instance:com.qa.testcases.DemoTest1@490ab905]" name="sum" duration-ms="0" started-at="2020-06-02T20:41:31 IST" finished-at="2020-06-02T20:41:31 IST">
          <reporter-output>
          </reporter-output>
        </test-method> <!-- sum -->
      </class> <!-- com.qa.testcases.DemoTest1 -->
    </test> <!-- Test -->
  </suite> <!-- Test Maven Suite -->
</testng-results>
