<?xml version="1.0" encoding="UTF-8"?>
<testng-results skipped="0" failed="0" ignored="0" total="13" passed="13">
  <reporter-output>
  </reporter-output>
  <suite name="Test Maven Suite" duration-ms="33797" started-at="2020-06-06T22:46:06 IST" finished-at="2020-06-06T22:46:40 IST">
    <groups>
    </groups>
    <test name="Test" duration-ms="33797" started-at="2020-06-06T22:46:06 IST" finished-at="2020-06-06T22:46:40 IST">
      <class name="com.qa.testcases.LaunchGoogle">
        <test-method status="PASS" signature="launchGoogle()[pri:0, instance:com.qa.testcases.LaunchGoogle@10bdf5e5]" name="launchGoogle" duration-ms="33236" started-at="2020-06-06T22:46:07 IST" finished-at="2020-06-06T22:46:40 IST">
          <reporter-output>
          </reporter-output>
        </test-method> <!-- launchGoogle -->
      </class> <!-- com.qa.testcases.LaunchGoogle -->
      <class name="com.qa.testcases.DemoTest">
        <test-method status="PASS" signature="div()[pri:0, instance:com.qa.testcases.DemoTest@55d56113]" name="div" duration-ms="44" started-at="2020-06-06T22:46:07 IST" finished-at="2020-06-06T22:46:07 IST">
          <reporter-output>
          </reporter-output>
        </test-method> <!-- div -->
        <test-method status="PASS" signature="multi()[pri:0, instance:com.qa.testcases.DemoTest@55d56113]" name="multi" duration-ms="4" started-at="2020-06-06T22:46:07 IST" finished-at="2020-06-06T22:46:07 IST">
          <reporter-output>
          </reporter-output>
        </test-method> <!-- multi -->
        <test-method status="PASS" signature="sub()[pri:0, instance:com.qa.testcases.DemoTest@55d56113]" name="sub" duration-ms="2" started-at="2020-06-06T22:46:07 IST" finished-at="2020-06-06T22:46:07 IST">
          <reporter-output>
          </reporter-output>
        </test-method> <!-- sub -->
        <test-method status="PASS" signature="sum()[pri:0, instance:com.qa.testcases.DemoTest@55d56113]" name="sum" duration-ms="0" started-at="2020-06-06T22:46:07 IST" finished-at="2020-06-06T22:46:07 IST">
          <reporter-output>
          </reporter-output>
        </test-method> <!-- sum -->
      </class> <!-- com.qa.testcases.DemoTest -->
      <class name="com.qa.testcases.DemoTest2">
        <test-method status="PASS" signature="div()[pri:0, instance:com.qa.testcases.DemoTest2@dc24521]" name="div" duration-ms="2" started-at="2020-06-06T22:46:07 IST" finished-at="2020-06-06T22:46:07 IST">
          <reporter-output>
          </reporter-output>
        </test-method> <!-- div -->
        <test-method status="PASS" signature="multi()[pri:0, instance:com.qa.testcases.DemoTest2@dc24521]" name="multi" duration-ms="0" started-at="2020-06-06T22:46:07 IST" finished-at="2020-06-06T22:46:07 IST">
          <reporter-output>
          </reporter-output>
        </test-method> <!-- multi -->
        <test-method status="PASS" signature="sub()[pri:0, instance:com.qa.testcases.DemoTest2@dc24521]" name="sub" duration-ms="0" started-at="2020-06-06T22:46:07 IST" finished-at="2020-06-06T22:46:07 IST">
          <reporter-output>
          </reporter-output>
        </test-method> <!-- sub -->
        <test-method status="PASS" signature="sum()[pri:0, instance:com.qa.testcases.DemoTest2@dc24521]" name="sum" duration-ms="0" started-at="2020-06-06T22:46:07 IST" finished-at="2020-06-06T22:46:07 IST">
          <reporter-output>
          </reporter-output>
        </test-method> <!-- sum -->
      </class> <!-- com.qa.testcases.DemoTest2 -->
      <class name="com.qa.testcases.DemoTest1">
        <test-method status="PASS" signature="div()[pri:0, instance:com.qa.testcases.DemoTest1@148080bb]" name="div" duration-ms="4" started-at="2020-06-06T22:46:07 IST" finished-at="2020-06-06T22:46:07 IST">
          <reporter-output>
          </reporter-output>
        </test-method> <!-- div -->
        <test-method status="PASS" signature="multi()[pri:0, instance:com.qa.testcases.DemoTest1@148080bb]" name="multi" duration-ms="0" started-at="2020-06-06T22:46:07 IST" finished-at="2020-06-06T22:46:07 IST">
          <reporter-output>
          </reporter-output>
        </test-method> <!-- multi -->
        <test-method status="PASS" signature="sub()[pri:0, instance:com.qa.testcases.DemoTest1@148080bb]" name="sub" duration-ms="4" started-at="2020-06-06T22:46:07 IST" finished-at="2020-06-06T22:46:07 IST">
          <reporter-output>
          </reporter-output>
        </test-method> <!-- sub -->
        <test-method status="PASS" signature="sum()[pri:0, instance:com.qa.testcases.DemoTest1@148080bb]" name="sum" duration-ms="4" started-at="2020-06-06T22:46:07 IST" finished-at="2020-06-06T22:46:07 IST">
          <reporter-output>
          </reporter-output>
        </test-method> <!-- sum -->
      </class> <!-- com.qa.testcases.DemoTest1 -->
    </test> <!-- Test -->
  </suite> <!-- Test Maven Suite -->
</testng-results>
