<?xml version="1.0" encoding="UTF-8"?>
<!-- Generated by org.testng.reporters.JUnitXMLReporter -->
<testsuite hostname="VijayaSachinLaptop" ignored="0" name="Test" tests="12" failures="0" timestamp="2020-06-06T22:00:59 IST" time="0.47" errors="0">
  <testcase name="div" time="0.049" classname="com.qa.testcases.DemoTest"/>
  <testcase name="multi" time="0.006" classname="com.qa.testcases.DemoTest"/>
  <testcase name="sub" time="0.009" classname="com.qa.testcases.DemoTest"/>
  <testcase name="sum" time="0.008" classname="com.qa.testcases.DemoTest"/>
  <testcase name="div" time="0.004" classname="com.qa.testcases.DemoTest1"/>
  <testcase name="multi" time="0.004" classname="com.qa.testcases.DemoTest1"/>
  <testcase name="sub" time="0.004" classname="com.qa.testcases.DemoTest1"/>
  <testcase name="sum" time="0.005" classname="com.qa.testcases.DemoTest1"/>
  <testcase name="div" time="0.007" classname="com.qa.testcases.DemoTest2"/>
  <testcase name="multi" time="0.003" classname="com.qa.testcases.DemoTest2"/>
  <testcase name="sub" time="0.007" classname="com.qa.testcases.DemoTest2"/>
  <testcase name="sum" time="0.009" classname="com.qa.testcases.DemoTest2"/>
</testsuite> <!-- Test -->
